d:\vs\c++proj\graduation project\graduation project van transmission\graduation project van transmission\x64\debug\graduation project van transmission.pch
d:\vs\c++proj\graduation project\graduation project van transmission\graduation project van transmission\x64\debug\vc140.pdb
d:\vs\c++proj\graduation project\graduation project van transmission\graduation project van transmission\x64\debug\vc140.idb
d:\vs\c++proj\graduation project\graduation project van transmission\graduation project van transmission\x64\debug\stdafx.obj
d:\vs\c++proj\graduation project\graduation project van transmission\graduation project van transmission\x64\debug\graduation project van transmission.obj
d:\vs\c++proj\graduation project\graduation project van transmission\graduation project van transmission\x64\debug\gear.obj
d:\vs\c++proj\graduation project\graduation project van transmission\x64\debug\graduation project van transmission.pdb
d:\vs\c++proj\graduation project\graduation project van transmission\graduation project van transmission\x64\debug\graduati.a33e47e7.tlog\cl.command.1.tlog
d:\vs\c++proj\graduation project\graduation project van transmission\graduation project van transmission\x64\debug\graduati.a33e47e7.tlog\cl.read.1.tlog
d:\vs\c++proj\graduation project\graduation project van transmission\graduation project van transmission\x64\debug\graduati.a33e47e7.tlog\cl.write.1.tlog
d:\vs\c++proj\graduation project\graduation project van transmission\graduation project van transmission\x64\debug\graduati.a33e47e7.tlog\link-cvtres.read.1.tlog
d:\vs\c++proj\graduation project\graduation project van transmission\graduation project van transmission\x64\debug\graduati.a33e47e7.tlog\link-cvtres.write.1.tlog
d:\vs\c++proj\graduation project\graduation project van transmission\graduation project van transmission\x64\debug\graduati.a33e47e7.tlog\link-rc.read.1.tlog
d:\vs\c++proj\graduation project\graduation project van transmission\graduation project van transmission\x64\debug\graduati.a33e47e7.tlog\link-rc.write.1.tlog
d:\vs\c++proj\graduation project\graduation project van transmission\graduation project van transmission\x64\debug\graduati.a33e47e7.tlog\link.15788-cvtres.read.1.tlog
d:\vs\c++proj\graduation project\graduation project van transmission\graduation project van transmission\x64\debug\graduati.a33e47e7.tlog\link.15788-cvtres.write.1.tlog
d:\vs\c++proj\graduation project\graduation project van transmission\graduation project van transmission\x64\debug\graduati.a33e47e7.tlog\link.15788-rc.read.1.tlog
d:\vs\c++proj\graduation project\graduation project van transmission\graduation project van transmission\x64\debug\graduati.a33e47e7.tlog\link.15788-rc.write.1.tlog
d:\vs\c++proj\graduation project\graduation project van transmission\graduation project van transmission\x64\debug\graduati.a33e47e7.tlog\link.15788.read.1.tlog
d:\vs\c++proj\graduation project\graduation project van transmission\graduation project van transmission\x64\debug\graduati.a33e47e7.tlog\link.15788.write.1.tlog
d:\vs\c++proj\graduation project\graduation project van transmission\graduation project van transmission\x64\debug\graduati.a33e47e7.tlog\link.command.1.tlog
d:\vs\c++proj\graduation project\graduation project van transmission\graduation project van transmission\x64\debug\graduati.a33e47e7.tlog\link.read.1.tlog
d:\vs\c++proj\graduation project\graduation project van transmission\graduation project van transmission\x64\debug\graduati.a33e47e7.tlog\link.write.1.tlog
